Nov-14 09:56:41.073 [main] DEBUG nextflow.cli.Launcher - $> /usr/local/bin/nextflow run -resume main.nf
Nov-14 09:56:41.146 [main] INFO  nextflow.cli.CmdRun - N E X T F L O W  ~  version 18.10.1
Nov-14 09:56:41.156 [main] INFO  nextflow.cli.CmdRun - Launching `main.nf` [amazing_fourier] - revision: eaff8d3d05
Nov-14 09:56:41.168 [main] DEBUG nextflow.config.ConfigBuilder - Found config local: /var/git/RNAseq_example/nextflow.config
Nov-14 09:56:41.169 [main] DEBUG nextflow.config.ConfigBuilder - Parsing config file: /var/git/RNAseq_example/nextflow.config
Nov-14 09:56:41.186 [main] DEBUG nextflow.config.ConfigBuilder - Applying config profile: `standard`
Nov-14 09:56:41.414 [main] DEBUG nextflow.Session - Session uuid: 07816ebc-0185-4cda-b7a5-01666d975c6d
Nov-14 09:56:41.414 [main] DEBUG nextflow.Session - Run name: amazing_fourier
Nov-14 09:56:41.415 [main] DEBUG nextflow.Session - Executor pool size: 4
Nov-14 09:56:41.436 [main] DEBUG nextflow.cli.CmdRun - 
  Version: 18.10.1 build 5003
  Modified: 24-10-2018 14:03 UTC (10:03 EDT)
  System: Linux 4.15.0-38-generic
  Runtime: Groovy 2.5.3 on OpenJDK 64-Bit Server VM 10.0.2+13-Ubuntu-1ubuntu0.18.04.3
  Encoding: UTF-8 (UTF-8)
  Process: 6953@Work-Ubuntu [127.0.1.1]
  CPUs: 4 - Mem: 31.3 GB (24.2 GB) - Swap: 2 GB (2 GB)
Nov-14 09:56:41.470 [main] DEBUG nextflow.Session - Work-dir: /media/maxh/storage/RNAseq_example/temp [ext2/ext3]
Nov-14 09:56:41.470 [main] DEBUG nextflow.Session - Script base path does not exist or is not a directory: /var/git/RNAseq_example/bin
Nov-14 09:56:41.562 [main] DEBUG nextflow.Session - Session start invoked
Nov-14 09:56:41.565 [main] DEBUG nextflow.processor.TaskDispatcher - Dispatcher > start
Nov-14 09:56:41.565 [main] DEBUG nextflow.script.ScriptRunner - > Script parsing
Nov-14 09:56:41.732 [main] DEBUG nextflow.script.ScriptRunner - > Launching execution
Nov-14 09:56:41.759 [PathVisitor-1] DEBUG nextflow.file.PathVisitor - files for syntax: glob; folder: /media/maxh/storage/RNAseq_example/raw_fastqs/; pattern: *{.read1,.read2}.fastq.gz; options: [:]
Nov-14 09:56:41.873 [main] DEBUG nextflow.processor.ProcessFactory - Discovered executor class: nextflow.executor.IgExecutor
Nov-14 09:56:41.917 [main] DEBUG nextflow.processor.ProcessFactory - << taskConfig executor: null
Nov-14 09:56:41.918 [main] DEBUG nextflow.processor.ProcessFactory - >> processorType: 'local'
Nov-14 09:56:41.920 [main] DEBUG nextflow.executor.Executor - Initializing executor: local
Nov-14 09:56:41.922 [main] INFO  nextflow.executor.Executor - [warm up] executor > local
Nov-14 09:56:41.924 [main] DEBUG n.processor.LocalPollingMonitor - Creating local task monitor for executor 'local' > cpus=4; memory=31.3 GB; capacity=4; pollInterval=100ms; dumpInterval=5m
Nov-14 09:56:41.931 [main] DEBUG nextflow.processor.TaskDispatcher - Starting monitor: LocalPollingMonitor
Nov-14 09:56:41.931 [main] DEBUG n.processor.TaskPollingMonitor - >>> barrier register (monitor: local)
Nov-14 09:56:41.934 [main] DEBUG nextflow.executor.Executor - Invoke register for executor: local
Nov-14 09:56:41.953 [main] DEBUG nextflow.Session - >>> barrier register (process: trim)
Nov-14 09:56:41.954 [main] DEBUG nextflow.processor.TaskProcessor - Creating operator > trim -- maxForks: 4
Nov-14 09:56:41.973 [main] DEBUG nextflow.processor.ProcessFactory - << taskConfig executor: null
Nov-14 09:56:41.973 [main] DEBUG nextflow.processor.ProcessFactory - >> processorType: 'local'
Nov-14 09:56:41.973 [main] DEBUG nextflow.executor.Executor - Initializing executor: local
Nov-14 09:56:41.974 [main] DEBUG nextflow.Session - >>> barrier register (process: fastqc)
Nov-14 09:56:41.974 [main] DEBUG nextflow.processor.TaskProcessor - Creating operator > fastqc -- maxForks: 4
Nov-14 09:56:41.998 [main] DEBUG nextflow.processor.ProcessFactory - << taskConfig executor: null
Nov-14 09:56:41.999 [main] DEBUG nextflow.processor.ProcessFactory - >> processorType: 'local'
Nov-14 09:56:41.999 [main] DEBUG nextflow.executor.Executor - Initializing executor: local
Nov-14 09:56:41.999 [main] DEBUG nextflow.Session - >>> barrier register (process: multiqc)
Nov-14 09:56:42.000 [main] DEBUG nextflow.processor.TaskProcessor - Creating operator > multiqc -- maxForks: 4
Nov-14 09:56:42.000 [main] DEBUG nextflow.script.ScriptRunner - > Await termination 
Nov-14 09:56:42.000 [main] DEBUG nextflow.Session - Session await
Nov-14 09:56:42.124 [Task submitter] DEBUG nextflow.executor.LocalTaskHandler - Launch cmd line: /bin/bash -ue .command.run
Nov-14 09:56:42.128 [Task submitter] INFO  nextflow.Session - [6f/8c8ee9] Submitted process > trim (1)
Nov-14 09:56:45.709 [Task monitor] DEBUG n.processor.TaskPollingMonitor - Task completed > TaskHandler[id: 1; name: trim (1); status: COMPLETED; exit: 0; error: -; workDir: /media/maxh/storage/RNAseq_example/temp/6f/8c8ee9e675ea9e79899618b50d7c8a]
Nov-14 09:56:45.715 [Task submitter] DEBUG nextflow.executor.LocalTaskHandler - Launch cmd line: /bin/bash -ue .command.run
Nov-14 09:56:45.727 [Task submitter] INFO  nextflow.Session - [be/a424d0] Submitted process > trim (5)
Nov-14 09:56:48.974 [Task monitor] DEBUG n.processor.TaskPollingMonitor - Task completed > TaskHandler[id: 5; name: trim (5); status: COMPLETED; exit: 0; error: -; workDir: /media/maxh/storage/RNAseq_example/temp/be/a424d0e1a53fcba47d2a572526a6a5]
Nov-14 09:56:48.992 [Task submitter] DEBUG nextflow.executor.LocalTaskHandler - Launch cmd line: /bin/bash -ue .command.run
Nov-14 09:56:49.000 [Task submitter] INFO  nextflow.Session - [ad/c934b2] Submitted process > trim (2)
Nov-14 09:56:52.798 [Task monitor] DEBUG n.processor.TaskPollingMonitor - Task completed > TaskHandler[id: 2; name: trim (2); status: COMPLETED; exit: 0; error: -; workDir: /media/maxh/storage/RNAseq_example/temp/ad/c934b277637f775473c83a7869d5fa]
Nov-14 09:56:52.809 [Task submitter] DEBUG nextflow.executor.LocalTaskHandler - Launch cmd line: /bin/bash -ue .command.run
Nov-14 09:56:52.809 [Task submitter] INFO  nextflow.Session - [5d/13c22a] Submitted process > trim (3)
Nov-14 09:56:57.041 [Task monitor] DEBUG n.processor.TaskPollingMonitor - Task completed > TaskHandler[id: 3; name: trim (3); status: COMPLETED; exit: 0; error: -; workDir: /media/maxh/storage/RNAseq_example/temp/5d/13c22af091301f3839777e924c9da0]
Nov-14 09:56:57.048 [Task submitter] DEBUG nextflow.executor.LocalTaskHandler - Launch cmd line: /bin/bash -ue .command.run
Nov-14 09:56:57.048 [Task submitter] INFO  nextflow.Session - [3e/1cfd00] Submitted process > trim (6)
Nov-14 09:56:59.950 [Task monitor] DEBUG n.processor.TaskPollingMonitor - Task completed > TaskHandler[id: 6; name: trim (6); status: COMPLETED; exit: 0; error: -; workDir: /media/maxh/storage/RNAseq_example/temp/3e/1cfd00fc4e8b8a3792778a29dd9519]
Nov-14 09:56:59.954 [Task submitter] DEBUG nextflow.executor.LocalTaskHandler - Launch cmd line: /bin/bash -ue .command.run
Nov-14 09:56:59.954 [Task submitter] INFO  nextflow.Session - [f9/3bffee] Submitted process > trim (4)
Nov-14 09:57:03.601 [Task monitor] DEBUG n.processor.TaskPollingMonitor - Task completed > TaskHandler[id: 4; name: trim (4); status: COMPLETED; exit: 0; error: -; workDir: /media/maxh/storage/RNAseq_example/temp/f9/3bffee8352d682005de737a9a4ab99]
Nov-14 09:57:03.605 [Task submitter] DEBUG nextflow.executor.LocalTaskHandler - Launch cmd line: /bin/bash -ue .command.run
Nov-14 09:57:03.607 [Actor Thread 11] DEBUG nextflow.Session - <<< barrier arrive (process: trim)
Nov-14 09:57:03.607 [Task submitter] INFO  nextflow.Session - [10/380cb3] Submitted process > fastqc (1)
Nov-14 09:57:09.849 [Task monitor] DEBUG n.processor.TaskPollingMonitor - Task completed > TaskHandler[id: 7; name: fastqc (1); status: COMPLETED; exit: 0; error: -; workDir: /media/maxh/storage/RNAseq_example/temp/10/380cb3e6c41b6756e9b5f72e39bad0]
Nov-14 09:57:09.855 [Task submitter] DEBUG nextflow.executor.LocalTaskHandler - Launch cmd line: /bin/bash -ue .command.run
Nov-14 09:57:09.856 [Task submitter] INFO  nextflow.Session - [50/024ad9] Submitted process > fastqc (2)
Nov-14 09:57:15.931 [Task monitor] DEBUG n.processor.TaskPollingMonitor - Task completed > TaskHandler[id: 8; name: fastqc (2); status: COMPLETED; exit: 0; error: -; workDir: /media/maxh/storage/RNAseq_example/temp/50/024ad90df2d1211bffd5bbbae4d19c]
Nov-14 09:57:15.933 [Task submitter] DEBUG nextflow.executor.LocalTaskHandler - Launch cmd line: /bin/bash -ue .command.run
Nov-14 09:57:15.933 [Task submitter] INFO  nextflow.Session - [f6/409983] Submitted process > fastqc (3)
Nov-14 09:57:21.964 [Task monitor] DEBUG n.processor.TaskPollingMonitor - Task completed > TaskHandler[id: 9; name: fastqc (3); status: COMPLETED; exit: 0; error: -; workDir: /media/maxh/storage/RNAseq_example/temp/f6/4099838460bd186a94d2ae8b6dd8e4]
Nov-14 09:57:21.967 [Task submitter] DEBUG nextflow.executor.LocalTaskHandler - Launch cmd line: /bin/bash -ue .command.run
Nov-14 09:57:21.967 [Task submitter] INFO  nextflow.Session - [c4/5e3231] Submitted process > fastqc (4)
Nov-14 09:57:29.076 [Task monitor] DEBUG n.processor.TaskPollingMonitor - Task completed > TaskHandler[id: 10; name: fastqc (4); status: COMPLETED; exit: 0; error: -; workDir: /media/maxh/storage/RNAseq_example/temp/c4/5e32315e2296feb811ddbef32aaff8]
Nov-14 09:57:29.079 [Task submitter] DEBUG nextflow.executor.LocalTaskHandler - Launch cmd line: /bin/bash -ue .command.run
Nov-14 09:57:29.079 [Task submitter] INFO  nextflow.Session - [b4/ce8321] Submitted process > fastqc (5)
Nov-14 09:57:35.112 [Task monitor] DEBUG n.processor.TaskPollingMonitor - Task completed > TaskHandler[id: 11; name: fastqc (5); status: COMPLETED; exit: 0; error: -; workDir: /media/maxh/storage/RNAseq_example/temp/b4/ce832199f8cd907630e95213b929b0]
Nov-14 09:57:35.114 [Task submitter] DEBUG nextflow.executor.LocalTaskHandler - Launch cmd line: /bin/bash -ue .command.run
Nov-14 09:57:35.114 [Task submitter] INFO  nextflow.Session - [9b/9ce4bc] Submitted process > fastqc (6)
Nov-14 09:57:42.173 [Task monitor] DEBUG n.processor.TaskPollingMonitor - Task completed > TaskHandler[id: 12; name: fastqc (6); status: COMPLETED; exit: 0; error: -; workDir: /media/maxh/storage/RNAseq_example/temp/9b/9ce4bc620e597bd5165c5da93293af]
Nov-14 09:57:42.184 [Actor Thread 15] DEBUG nextflow.Session - <<< barrier arrive (process: fastqc)
Nov-14 09:57:42.284 [Task submitter] DEBUG nextflow.executor.LocalTaskHandler - Launch cmd line: /bin/bash -ue .command.run
Nov-14 09:57:42.285 [Task submitter] INFO  nextflow.Session - [82/2eeb04] Submitted process > multiqc
Nov-14 09:57:49.809 [Task monitor] DEBUG n.processor.TaskPollingMonitor - Task completed > TaskHandler[id: 13; name: multiqc; status: COMPLETED; exit: 0; error: -; workDir: /media/maxh/storage/RNAseq_example/temp/82/2eeb0414b8db16697360e1739a7950]
Nov-14 09:57:49.810 [Actor Thread 15] DEBUG nextflow.Session - <<< barrier arrive (process: multiqc)
Nov-14 09:57:49.811 [main] DEBUG nextflow.Session - Session await > all process finished
Nov-14 09:57:49.811 [Task monitor] DEBUG n.processor.TaskPollingMonitor - <<< barrier arrives (monitor: local)
Nov-14 09:57:49.811 [main] DEBUG nextflow.Session - Session await > all barriers passed
Nov-14 09:57:49.814 [main] DEBUG nextflow.trace.StatsObserver - Workflow completed > WorkflowStats[succeedCount=13; failedCount=0; ignoredCount=0; cachedCount=0; succeedDuration=3m 4s; failedDuration=0ms; cachedDuration=0ms]
Nov-14 09:57:49.821 [main] DEBUG nextflow.CacheDB - Closing CacheDB done
Nov-14 09:57:49.825 [main] DEBUG nextflow.script.ScriptRunner - > Execution complete -- Goodbye
